Arguments: 
  /Users/silvandiepen/.nvm/versions/node/v8.9.4/bin/node /Users/silvandiepen/.nvm/versions/node/v8.9.4/bin/yarn node-sass-watch

PATH: 
  /Users/silvandiepen/.nvm/versions/node/v8.9.4/bin:/usr/local/bin:/usr/bin:/bin:/usr/sbin:/sbin:/opt/X11/bin:/node_modules/.bin:/Applications/JSUI.app/Contents/MacOS:/Users/silvandiepen/.composer/vendor/bin

Yarn version: 
  1.5.1

Node version: 
  8.9.4

Platform: 
  darwin x64

npm manifest: 
  {
  	"name": "henris",
  	"version": "0.2.2",
  	"description": "SCSS framework - by Matise",
  	"main": "index.scss",
  	"directories": {
  		"test": "test"
  	},
  	"scripts": {
  		"test": "node-sass test/index.scss test/output.css",
  		"sass": "sass index.scss dist/style.css",
  		"node-sass": "node-sass index.scss dist/style.node.css",
  		"node-sass-watch": "node-sass index.scss dist/style.node.css --watch",
  		"sass-dist": "sass index.scss dist/style.min.css --output-style compressed",
  		"sass-watch": "sass index.scss dist/style.css --watch",
  		"sass-test": "sass ext.scss dist/ext.css",
  		"settings": "node scripts/json-to-css.js",
  		"dev": "npm run settings && npm run sass-watch",
  		"dist": "npm run settings && npm run sass && npm run sass-dist",
  		"build": "npm run icons && npm run settings && npm run sass",
  		"prepublishOnly": "npm run test && npm run build",
  		"icons": "node scripts/icons.js src/icons dist/fonts",
  		"icons-generator": "icon-font-generator src/icons/_brands/*.svg -o dist",
  		"docs:dev": "vuepress dev docs",
  		"docs:build": "vuepress build docs"
  	},
  	"keywords": [
  		"scss",
  		"framework",
  		"sass",
  		"grid"
  	],
  	"author": "Sil van Diepen",
  	"license": "MIT",
  	"devDependencies": {
  		"autoprefixer": "^8.5.2",
  		"flat": "^4.0.0",
  		"postcss": "^6.0.22",
  		"webfonts-generator": "^0.4.0"
  	},
  	"dependencies": {
  		"node-sass": "^4.9.0",
  		"sass": "^1.5.1",
  		"sass-true": "^4.0.0"
  	}
  }

yarn manifest: 
  No manifest

Lockfile: 
  No lockfile

Trace: 
  Error: Command failed.
  Exit code: 127
  Command: sh
  Arguments: -c node-sass index.scss dist/style.node.css --watch
  Directory: /Users/silvandiepen/repos/_matise/henris
  Output:
  
      at ProcessTermError.MessageError (/Users/silvandiepen/.nvm/versions/node/v8.9.4/lib/node_modules/yarn/lib/cli.js:186:110)
      at new ProcessTermError (/Users/silvandiepen/.nvm/versions/node/v8.9.4/lib/node_modules/yarn/lib/cli.js:226:113)
      at ChildProcess.<anonymous> (/Users/silvandiepen/.nvm/versions/node/v8.9.4/lib/node_modules/yarn/lib/cli.js:30281:17)
      at emitTwo (events.js:126:13)
      at ChildProcess.emit (events.js:214:7)
      at maybeClose (internal/child_process.js:925:16)
      at Process.ChildProcess._handle.onexit (internal/child_process.js:209:5)
